2017-07-24T17:22:20.374+0800	INFO	types/priv_validator.go:127	Loaded PrivValidator	{"file": "/home/vagrant/gohome/src/angine-demo/build/priv_validator.json", "privValidator": "PrivValidator{B78834A5036C7FFC9C7E289C15C275845C32FDFA LH:0, LR:0, LS:0}"}
2017-07-24T17:22:20.380+0800	INFO	go-common/service.go:93	Starting EventSwitch
2017-07-24T17:22:20.387+0800	INFO	go-common/service.go:93	Starting WAL
2017-07-24T17:22:20.387+0800	DEBUG	go-p2p/listener.go:75	Local listener	{"ip": "::", "port": 16656}
2017-07-24T17:22:20.387+0800	DEBUG	go-p2p/listener.go:173	Getting UPNP external address
2017-07-24T17:22:21.139+0800	DEBUG	go-p2p/listener.go:176	Could not perform UPNP discover	{"error": "No WANIPConnection"}
2017-07-24T17:22:21.139+0800	INFO	go-common/service.go:93	Starting DefaultListener
2017-07-24T17:24:40.810+0800	INFO	types/priv_validator.go:127	Loaded PrivValidator	{"file": "/home/vagrant/gohome/src/angine-demo/build/priv_validator.json", "privValidator": "PrivValidator{8F930B478607EBEBA25333744BA6A506756D8157 LH:0, LR:0, LS:0}"}
2017-07-24T17:24:40.818+0800	INFO	go-common/service.go:93	Starting EventSwitch
2017-07-24T17:24:40.825+0800	INFO	go-common/service.go:93	Starting WAL
2017-07-24T17:24:40.825+0800	DEBUG	go-p2p/listener.go:75	Local listener	{"ip": "::", "port": 16656}
2017-07-24T17:24:40.825+0800	DEBUG	go-p2p/listener.go:173	Getting UPNP external address
2017-07-24T17:24:42.837+0800	DEBUG	go-p2p/listener.go:197	Got UPNP external address	{"address": "192.168.191.1"}
2017-07-24T17:24:42.837+0800	INFO	go-common/service.go:93	Starting DefaultListener
2017-07-24T17:24:42.838+0800	INFO	go-common/service.go:93	Starting P2P Switch
2017-07-24T17:24:42.838+0800	INFO	go-common/service.go:93	Starting MempoolReactor
2017-07-24T17:24:42.838+0800	INFO	go-common/service.go:93	Starting BlockchainReactor
2017-07-24T17:24:42.838+0800	INFO	go-common/service.go:93	Starting BlockPool
2017-07-24T17:24:42.838+0800	INFO	go-common/service.go:93	Starting ConsensusReactor
2017-07-24T17:24:42.838+0800	INFO	consensus/reactor.go:56	ConsensusReactor 	{"fastSync": true}
